<?xml version="1.0" encoding="UTF-8"?>
<!-- Generated by org.testng.reporters.JUnitReportReporter -->
<testsuite hostname="LAPTOP-94T71VHN" failures="0" tests="1" name="Module01_LOGIN_TEST.TC1_SwagLabLoginTest" time="6.996" errors="0" timestamp="2024-02-24T13:47:05 IST" skipped="0">
  <testcase classname="Module01_LOGIN_TEST.TC1_SwagLabLoginTest" name="verifyTitle" time="6.996"/>
</testsuite> <!-- Module01_LOGIN_TEST.TC1_SwagLabLoginTest -->
